00010414 r 
         U abort
00021044 B __bss_end__
00021044 B _bss_end__
00021028 B __bss_start
00021028 B __bss_start__
         U Clibc
00021028 b completed.8934
00021020 D __data_start
00021020 W data_start
         w __deregister_frame_info
000102f8 t deregister_tm_clones
0001035c t __do_global_dtors_aux
00020f3c d __do_global_dtors_aux_fini_array_entry
00021024 D __dso_handle
00020f40 d _DYNAMIC
00021028 D _edata
00021044 B __end__
00021044 B _end
000103f4 T _fini
000103a4 t frame_dummy
00020f38 d __frame_dummy_init_array_entry
00010414 r __FRAME_END__
00021000 d _GLOBAL_OFFSET_TABLE_
0001025c T _init
000103d4 T main
0002102c b object.8939
         U puts
         w __register_frame_info
00010324 t register_tm_clones
000102bc T _start
00021028 D __TMC_END__
         U __uClibc_main
