0001cb0c r 
00010854 T abort
000198a8 T __adddf3
0001a180 T __aeabi_cdcmpeq
0001a180 T __aeabi_cdcmple
0001a164 T __aeabi_cdrcmple
0001a1f8 T __aeabi_d2uiz
000198a8 T __aeabi_dadd
0001a194 T __aeabi_dcmpeq
0001a1d0 T __aeabi_dcmpge
0001a1e4 T __aeabi_dcmpgt
0001a1bc T __aeabi_dcmple
0001a1a8 T __aeabi_dcmplt
00019ec8 T __aeabi_ddiv
00019c5c T __aeabi_dmul
0001989c T __aeabi_drsub
000198a4 T __aeabi_dsub
00019ba0 T __aeabi_f2d
00019b78 T __aeabi_i2d
000197a0 T __aeabi_idiv
0001a24c W __aeabi_idiv0
0001987c T __aeabi_idivmod
00019bfc T __aeabi_l2d
0001a24c W __aeabi_ldiv0
000112b0 T __aeabi_read_tp
00019b54 T __aeabi_ui2d
000196d8 T __aeabi_uidiv
00019780 T __aeabi_uidivmod
00019be8 T __aeabi_ul2d
0001ad5c T __aeabi_unwind_cpp_pr0
0001ad64 W __aeabi_unwind_cpp_pr1
0001ad6c W __aeabi_unwind_cpp_pr2
0001794c t allocate_dtv
0002f270 B __app_fini
0002d20c D __atexit_lock
00016260 T bcmp
0002f268 b been_there_done_that
00017ec4 T brk
0002f5e0 b _bss_custom_printf_spec
0002fbf8 B __bss_end__
0002fbf8 B _bss_end__
0002d22c B __bss_start
0002d22c B __bss_start__
000194f8 T calloc
0002d228 D __C_ctype_b
0001c620 r __C_ctype_b_data
00014da0 t _charpad
00011630 t check_match
00010964 t __check_one_fd
         U Clibc
0001a0dc T __cmpdf2
0002d22c b completed.8582
0002d224 D __ctype_b
0002f5f4 B __curbrk
0002f82c B _custom_printf_arginfo
0002f854 B _custom_printf_handler
0002d1f0 D _custom_printf_spec
0002d0e4 D __data_start
0002d0e4 W data_start
000144cc T __default_rt_sa_restorer
000144c0 T __default_sa_restorer
0001015c t deregister_tm_clones
00019ec8 T __divdf3
000197a0 T __divsi3
000197a8 t .divsi3_skip_div0_test
00011d40 T _dl_add_elf_hash_table
00013f54 T dladdr
00017de0 T _dl_add_to_slotinfo
0001799c T _dl_allocate_static_tls
00017d1c T _dl_allocate_tls
00017c08 T _dl_allocate_tls_init
00017b70 T _dl_allocate_tls_storage
00011ccc T _dl_app_fini_array
000116ec T _dl_app_init_array
0001130c T _dl_aux_init
0001149c t _dl_build_local_scope
00013e9c T dlclose
00017d3c T _dl_deallocate_tls
0002f5d4 B _dl_debug_addr
00011360 t _dl_do_lazy_reloc
00012140 t _dl_do_reloc
0002f5d8 B _dl_errno
00013f14 T dlerror
0002cfd0 d dl_error_names
0002f820 B _dl_error_number
00011e24 T _dl_find_hash
000123f8 T _dl_fixup
000123f8 t _dl_fixup.localalias.2
0002f824 B _dl_free_function
00017b38 T _dl_get_tls_static_info
0002f5cc B _dl_handles
0002f5c8 b _dl_init.8033
0002d1c8 D _dl_init_static_tls
0002f81c B _dl_internal_error_number
0002f5c4 b _dl_library_offset
0002f5dc B _dl_library_path
00014120 T _dl_linux_resolve
00012080 T _dl_linux_resolver
0002f5f0 B _dl_loaded_modules
00012678 T _dl_load_elf_shared_library
00013334 T _dl_load_shared_library
0002f828 B _dl_malloc_function
00017994 T _dl_memalign
0002d1cc d _dl_mutex
00017a78 T _dl_next_tls_modid
000112b8 T _dl_nothread_init_static_tls
00013c88 T dlopen
0002d1e8 D _dl_pagesize
000114f4 t _dl_parse
0001253c T _dl_parse_dynamic_info
00011cec T _dl_parse_lazy_relocation_information
00011d1c T _dl_parse_relocation_information
0002f814 B _dl_phdr
0002f818 B _dl_phnum
0002d1ec D _dl_progname
00012340 T _dl_protect_relro
0001170c T _dl_run_fini_array
000116b4 T _dl_run_init_array
00013d0c T dlsym
0002f5d0 B _dl_symbol_tables
0002f808 B _dl_tls_dtv_gaps
0002f804 B _dl_tls_dtv_slotinfo_list
0002f80c B _dl_tls_generation
0002f800 B _dl_tls_max_dtv_idx
000111e4 T _dl_tls_setup
0002f7fc B _dl_tls_static_align
0002f810 B _dl_tls_static_nelem
0002d1e4 D _dl_tls_static_size
0002f5f8 B _dl_tls_static_used
00011744 t do_dlclose
00013588 t do_dlopen
000101c0 t __do_global_dtors_aux
0002cfcc d __do_global_dtors_aux_fini_array_entry
000149d0 T dprintf
0002d0e8 D __dso_handle
0002d22c D _edata
0002fbf8 B __end__
0002fbf8 B _end
0002f27c B __environ
0002f27c V environ
0001a0dc T __eqdf2
00000000 B errno
000143fc W __errno_location
0001cb0c r __exidx_end
0001c9f4 r __exidx_start
00014904 T _exit
00017768 T exit
00014904 W _Exit
0002f5ec B __exit_cleanup
0001c968 r exp10_table
0001c920 r exp16_table
00019ba0 T __extendsfdf2
00014798 T fcntl
0001472c T __fcntl_nocancel
00015e20 T fflush_unlocked
0001b6d8 T _fini
0002cfd0 d __fini_array_end
0002cfcc d __fini_array_start
0002d268 b _fixed_buffers
0001a1f8 T __fixunsdfsi
00019bfc T __floatdidf
00019b78 T __floatsidf
00019be8 T __floatundidf
00019b54 T __floatunsidf
0001c9b0 r fmt
000184f8 T _fpmaxtostr
00014dec t _fp_out_narrow
00018094 T fprintf
00010584 T __fputc_unlocked
00010584 T fputc_unlocked
0001068c T fputs_unlocked
00010208 t frame_dummy
0002cfc8 d __frame_dummy_init_array_entry
0001cb0c r __FRAME_END__
00016b0c T free
00018078 T fseek
00018078 T fseeko
000180bc T fseeko64
000106c0 T fwrite_unlocked
0001a0cc T __gedf2
00014638 T getegid
0001a364 t get_eit_entry
000176f0 W getenv
00014828 T geteuid
000146a4 T getgid
00017f5c T __getpagesize
00017f5c T getpagesize
000146f0 T gettimeofday
00014628 T getuid
00010854 T __GI_abort
00017ec4 T __GI_brk
0002d228 D __GI___C_ctype_b
0002d224 D __GI___ctype_b
00014904 T __GI__exit
00017768 T __GI_exit
00014798 T __GI_fcntl
00015e20 T __GI_fflush_unlocked
00018094 T __GI_fprintf
00010584 T __GI___fputc_unlocked
0001068c T __GI_fputs_unlocked
00018078 T __GI_fseek
000180bc T __GI_fseeko64
000106c0 T __GI_fwrite_unlocked
00014638 T __GI_getegid
000176f0 T __GI_getenv
00014828 T __GI_geteuid
000146a4 T __GI_getgid
00017f5c T __GI_getpagesize
000146f0 T __GI_gettimeofday
00014628 T __GI_getuid
000166f0 T __GI___glibc_strerror_r
00014838 T __GI_ioctl
000107c0 T __GI_isatty
00019664 W __GI_lseek64
00016294 T __GI_memchr
00016260 T __GI_memcmp
00016290 T __GI_memcpy
000164c0 T __GI_mempcpy
0001638c T __GI_memrchr
000161a0 T __GI_memset
00017f6c T __GI_mmap
00017f20 T __GI_munmap
0001454c T __GI_open
0002f278 B __GI__pe_secure
00010ed8 T __GI_raise
00014648 T __GI_sbrk
00014430 W __GI_sigaction
00014944 T __GI_sigprocmask
000164f4 T __GI_strcat
00016600 T __GI_strchr
00016240 T __GI_strcmp
00016240 T __GI_strcoll
000164d8 T __GI_strcpy
00016808 T __GI_strdup
00010760 T __GI_strlen
000193c8 T __GI_strncmp
00016528 T __GI_strnlen
00016478 T __GI_strrchr
000107e0 T __GI_tcgetattr
000149f8 T __GI_vdprintf
00018df0 T __GI_vfprintf
00018020 W __GI_write
00016704 T __GI___xpg_strerror_r
000166f0 T __glibc_strerror_r
0002d000 d _GLOBAL_OFFSET_TABLE_
0001a4f4 t __gnu_unwind_24bit.isra.1
0001a8f4 T __gnu_Unwind_Backtrace
0001b2f0 T __gnu_unwind_execute
0001a734 T __gnu_Unwind_ForcedUnwind
0001b668 T __gnu_unwind_frame
0001a30c t __gnu_unwind_get_pr_addr
0001a9bc t __gnu_unwind_pr_common
0001a690 T __gnu_Unwind_RaiseException
0001b0cc T __gnu_Unwind_Restore_VFP
0001b0dc T __gnu_Unwind_Restore_VFP_D
0001b0ec T __gnu_Unwind_Restore_VFP_D_16_to_31
0001b184 T __gnu_Unwind_Restore_WMMXC
0001b0fc T __gnu_Unwind_Restore_WMMXD
0001a750 T __gnu_Unwind_Resume
0001a7c0 T __gnu_Unwind_Resume_or_Rethrow
0001b0d4 T __gnu_Unwind_Save_VFP
0001b0e4 T __gnu_Unwind_Save_VFP_D
0001b0f4 T __gnu_Unwind_Save_VFP_D_16_to_31
0001b198 T __gnu_Unwind_Save_WMMXC
0001b140 T __gnu_Unwind_Save_WMMXD
0001a0cc T __gtdf2
00000004 B h_errno
00014418 T __h_errno_location
00016600 W index
000100f4 T _init
0002cfcc d __init_array_end
0002cfc8 d __init_array_start
00014838 T ioctl
000107c0 T isatty
00010788 t Laligned
0001a0d4 T __ledf2
000194f8 W __libc_calloc
000178c4 T __libc_disable_asynccancel
00017808 T __libc_enable_asynccancel
00016b0c W __libc_free
00000004 B __libc_h_errno
00016da8 W __libc_malloc
0002fbf4 B __libc_multiple_threads
00010f7c T __libc_setup_tls
00014430 T __libc_sigaction
0002f280 B __libc_stack_end
000107a4 t Llastword
000141b8 T __lll_lock_wait
00014140 T __lll_lock_wait_private
00014244 T __lll_timedlock_wait
00014338 T __lll_timedwait_tid
0001833c T _load_inttype
00019664 T lseek64
0001960c T __lseek64_nocancel
0001a0d4 T __ltdf2
00010238 T main
00016da8 T malloc
000168e8 T __malloc_consolidate
00016d34 t __malloc_largebin_index
0002d1f4 D __malloc_lock
0002f87c B __malloc_state
00016a88 T malloc_trim
0001683c t __malloc_trim.constprop.1
00016294 W memchr
00016260 T memcmp
00018f40 T _memcpy
00016290 T memcpy
000164c0 T __mempcpy
000164c0 W mempcpy
0001638c T memrchr
000161a0 T memset
00017f6c t _mmap
00017f6c T mmap
00019c5c T __muldf3
00017f20 T munmap
0002d1a4 d mylock
0001a0dc T __nedf2
0001b260 t next_unwind_byte
0002d230 b object.8587
0001454c T open
00014510 T __open2_nocancel
000144d4 T __open_nocancel
0002f26c B __pagesize
0002f278 B _pe_secure
000153e4 T _ppfs_init
00015640 T _ppfs_parsespec
000154a0 T _ppfs_prepargs
000154d8 T _ppfs_setargs
0001b9cb r prefix.9068
0002cfc8 b __preinit_array_end
0002cfc8 b __preinit_array_start
0002d1c4 D __progname
0002d1c0 D __progname_full
0002d1c0 V program_invocation_name
0002d1c4 V program_invocation_short_name
000109b8 W _pthread_cleanup_pop_restore
000109b0 W _pthread_cleanup_push_defer
00011280 W __pthread_initialize_minimal
000109a8 W __pthread_mutex_init
000109a0 W __pthread_mutex_lock
000109a0 W __pthread_mutex_trylock
000109a0 W __pthread_mutex_unlock
000109a0 t __pthread_return_0
00010584 T putc_unlocked
00010258 T puts
0001b9e4 r qual_chars.9077
00010ed8 T raise
00010188 t register_tm_clones
00011394 t remove_slotinfo
0001b0b8 T __restore_core_regs
0001b0b8 T restore_core_regs
0001a474 t restore_non_core_regs
00016478 W rindex
0002f274 B __rtld_fini
00014648 T sbrk
0001a274 t search_EIT_table
0001318c t search_for_named_library
0001a25c t selfrel_offset31
000144b4 T _setjmp
00014430 W sigaction
000194c4 T __sigjmp_save
00014944 T sigprocmask
00017f14 T __sigsetjmp
0001ba2a r spec_and_mask.9076
0001b9c4 r spec_base.9067
0001ba46 r spec_chars.9073
0001ba5b r spec_flags.9072
0001ba1a r spec_or_mask.9075
0001ba10 r spec_ranges.9074
00010120 T _start
0002f5fc B static_dtv
0002f284 b static_map
0002f2bc b static_slotinfo
0002d198 D stderr
0002d194 D __stdin
0002d1a0 D stdin
0001829c T __stdio_adjust_position
00014bb0 T __stdio_fwrite
000104d4 W _stdio_init
0002d18c D _stdio_openlist
0002d25c B _stdio_openlist_add_lock
00015b9c T _stdio_openlist_dec_use
0002d248 B _stdio_openlist_del_count
0002d250 B _stdio_openlist_del_lock
0002d24c B _stdio_openlist_use_count
0001830c T __stdio_seek
0002d0f0 d _stdio_streams
000103a8 W _stdio_term
00014cd8 T __stdio_trans2w
0002d0ec D _stdio_user_locking
00010554 T __stdio_wcommit
00014a78 T __stdio_WRITE
0002d190 D __stdout
0002d19c D stdout
000183b4 T _store_inttype
000164f4 T strcat
00016600 W strchr
00016240 T strcmp
00016240 T strcoll
000164d8 T strcpy
00016808 W strdup
000166f0 T strerror_r
0001ba71 R _string_syserrmsgs
00010760 T strlen
000193c8 W strncmp
00016528 T strnlen
00016478 W strrchr
000198a4 T __subdf3
000144d4 t __syscall_open
000146b4 T __syscall_rt_sigaction
000107e0 T tcgetattr
0001128c T __tls_get_addr
00000000 b _TLS_MODULE_BASE_
0002d22c D __TMC_END__
0001b9f8 r type_codes
0001ba3a r type_sizes
00010a38 T __uClibc_fini
000109cc T __uClibc_init
00010ab8 T __uClibc_main
0002d1bc D __uclibc_progname
000196d8 T __udivsi3
000196d8 t .udivsi3_skip_div0_test
000183e4 T _uintmaxtostr
0001ba63 r unknown.4030
0001b23c T ___Unwind_Backtrace
0001b23c T _Unwind_Backtrace
0001a7e0 T _Unwind_Complete
0001a4fc t _Unwind_DebugHook
0001a4e0 t _Unwind_decode_typeinfo_ptr.isra.0
0001a7e4 T _Unwind_DeleteException
0001b218 T ___Unwind_ForcedUnwind
0001b218 T _Unwind_ForcedUnwind
0001a688 T _Unwind_GetCFA
00010110 T _Unwind_GetDataRelBase
0001a850 t _Unwind_GetGR
0001b2c4 t _Unwind_GetGR.constprop.0
0001b6bc T _Unwind_GetLanguageSpecificData
0001b6ac T _Unwind_GetRegionStart
00010118 T _Unwind_GetTextRelBase
0001a500 t unwind_phase2
0001a564 t unwind_phase2_forced
0001b1ac T ___Unwind_RaiseException
0001b1ac T _Unwind_RaiseException
0001b1d0 T ___Unwind_Resume
0001b1d0 T _Unwind_Resume
0001b1f4 T ___Unwind_Resume_or_Rethrow
0001b1f4 T _Unwind_Resume_or_Rethrow
0001a8cc t _Unwind_SetGR
0001b2ec t unwind_UCB_from_context
0001a7fc T _Unwind_VRS_Get
0001ad74 T _Unwind_VRS_Pop
0001a878 T _Unwind_VRS_Set
000149f8 T vdprintf
00018df0 T vfprintf
00014e70 T _vfprintf_internal
00018020 T write
00017fe4 T __write_nocancel
00016704 T __xpg_strerror_r
